proguard/seeds.txt
com.voiche.musicwidget.AdActivity
com.voiche.musicwidget.AdActivity: AdActivity()
com.voiche.musicwidget.Configure
com.voiche.musicwidget.Configure: Configure()
com.voiche.musicwidget.Configure: void cc(android.view.View)
com.voiche.musicwidget.Configure_4x2
com.voiche.musicwidget.Configure_4x2: Configure_4x2()
com.voiche.musicwidget.Configure_4x2: void cc(android.view.View)
com.voiche.musicwidget.Configure_4x3
com.voiche.musicwidget.Configure_4x3: Configure_4x3()
com.voiche.musicwidget.Configure_4x3: void cc(android.view.View)
com.voiche.musicwidget.Configure_4x4
com.voiche.musicwidget.Configure_4x4: Configure_4x4()
com.voiche.musicwidget.Configure_4x4: void cc(android.view.View)
com.voiche.musicwidget.Configure_simple
com.voiche.musicwidget.Configure_simple: Configure_simple()
com.voiche.musicwidget.Configure_simple: void cc(android.view.View)
com.voiche.musicwidget.MainActivity
com.voiche.musicwidget.MainActivity: MainActivity()
com.voiche.musicwidget.R$array: int buttonArray
com.voiche.musicwidget.R$array: int buttonValues
com.voiche.musicwidget.R$array: int fontArray
com.voiche.musicwidget.R$array: int fontValues
com.voiche.musicwidget.R$attr: int adSize
com.voiche.musicwidget.R$attr: int adSizes
com.voiche.musicwidget.R$attr: int adUnitId
com.voiche.musicwidget.R$attr: int animation
com.voiche.musicwidget.R$attr: int appTheme
com.voiche.musicwidget.R$attr: int banner_type
com.voiche.musicwidget.R$attr: int buyButtonAppearance
com.voiche.musicwidget.R$attr: int buyButtonHeight
com.voiche.musicwidget.R$attr: int buyButtonText
com.voiche.musicwidget.R$attr: int buyButtonWidth
com.voiche.musicwidget.R$attr: int cameraBearing
com.voiche.musicwidget.R$attr: int cameraTargetLat
com.voiche.musicwidget.R$attr: int cameraTargetLng
com.voiche.musicwidget.R$attr: int cameraTilt
com.voiche.musicwidget.R$attr: int cameraZoom
com.voiche.musicwidget.R$attr: int canShowMR
com.voiche.musicwidget.R$attr: int circleCrop
com.voiche.musicwidget.R$attr: int environment
com.voiche.musicwidget.R$attr: int fragmentMode
com.voiche.musicwidget.R$attr: int fragmentStyle
com.voiche.musicwidget.R$attr: int imageAspectRatio
com.voiche.musicwidget.R$attr: int imageAspectRatioAdjust
com.voiche.musicwidget.R$attr: int liteMode
com.voiche.musicwidget.R$attr: int mapType
com.voiche.musicwidget.R$attr: int maskedWalletDetailsBackground
com.voiche.musicwidget.R$attr: int maskedWalletDetailsButtonBackground
com.voiche.musicwidget.R$attr: int maskedWalletDetailsButtonTextAppearance
com.voiche.musicwidget.R$attr: int maskedWalletDetailsHeaderTextAppearance
com.voiche.musicwidget.R$attr: int maskedWalletDetailsLogoImageType
...
com.mopub.common.UrlHandler$1
com.mopub.common.UrlHandler$1: UrlHandler$1()
com.mopub.common.UrlHandler$1: void urlHandlingSucceeded(java.lang.String,com.mopub.common.UrlAction)
com.mopub.common.UrlHandler$1: void urlHandlingFailed(java.lang.String,com.mopub.common.UrlAction)
com.mopub.common.UrlHandler$2
com.mopub.common.UrlHandler$2: UrlHandler$2()
com.mopub.common.UrlHandler$2: void onFinishLoad()
com.mopub.common.UrlHandler$2: void onClose()
com.mopub.common.UrlHandler$2: void onFailLoad()
com.mopub.common.UrlHandler$Builder
com.mopub.common.UrlHandler$Builder: java.util.EnumSet supportedUrlActions
com.mopub.common.UrlHandler$Builder: com.mopub.common.UrlHandler$ResultActions resultActions
com.mopub.common.UrlHandler$Builder: com.mopub.common.UrlHandler$MoPubSchemeListener moPubSchemeListener
com.mopub.common.UrlHandler$Builder: boolean skipShowMoPubBrowser
com.mopub.common.UrlHandler$Builder: UrlHandler$Builder()
com.mopub.common.UrlHandler$Builder: com.mopub.common.UrlHandler$Builder withSupportedUrlActions(com.mopub.common.UrlAction,com.mopub.common.UrlAction[])
com.mopub.common.UrlHandler$Builder: com.mopub.common.UrlHandler$Builder withResultActions(com.mopub.common.UrlHandler$ResultActions)
com.mopub.common.UrlHandler$Builder: com.mopub.common.UrlHandler$Builder withMoPubSchemeListener(com.mopub.common.UrlHandler$MoPubSchemeListener)
com.mopub.common.UrlHandler$Builder: com.mopub.common.UrlHandler$Builder withoutMoPubBrowser()
com.mopub.common.UrlHandler$Builder: com.mopub.common.UrlHandler build()
com.mopub.common.UrlHandler$MoPubSchemeListener
com.mopub.common.UrlHandler$MoPubSchemeListener: void onFinishLoad()
com.mopub.common.UrlHandler$MoPubSchemeListener: void onClose()
com.mopub.common.UrlHandler$MoPubSchemeListener: void onFailLoad()
com.mopub.common.UrlHandler$ResultActions
com.mopub.common.UrlHandler$ResultActions: void urlHandlingSucceeded(java.lang.String,com.mopub.common.UrlAction)
com.mopub.common.UrlHandler$ResultActions: void urlHandlingFailed(java.lang.String,com.mopub.common.UrlAction)
com.mopub.common.VisibleForTesting
com.mopub.common.event.BaseEvent
com.mopub.common.event.BaseEvent: com.mopub.common.event.BaseEvent$ScribeCategory mScribeCategory
com.mopub.common.event.BaseEvent: com.mopub.common.event.BaseEvent$Name mName
com.mopub.common.event.BaseEvent: com.mopub.common.event.BaseEvent$Category mCategory
com.mopub.common.event.BaseEvent: com.mopub.common.event.BaseEvent$SdkProduct mSdkProduct
com.mopub.common.event.BaseEvent: java.lang.String mAdUnitId
com.mopub.common.event.BaseEvent: java.lang.String mAdCreativeId
com.mopub.common.event.BaseEvent: java.lang.String mAdType
com.mopub.common.event.BaseEvent: java.lang.String mAdNetworkType
com.mopub.common.event.BaseEvent: java.lang.Double mAdWidthPx
com.mopub.common.event.BaseEvent: java.lang.Double mAdHeightPx
com.mopub.common.event.BaseEvent: java.lang.Integer mDeviceScreenWidthDip
com.mopub.common.event.BaseEvent: java.lang.Integer mDeviceScreenHeightDip
com.mopub.common.event.BaseEvent: java.lang.Double mGeoLat
com.mopub.common.event.BaseEvent: java.lang.Double mGeoLon
com.mopub.common.event.BaseEvent: java.lang.Double mGeoAccuracy
com.mopub.common.event.BaseEvent: com.mopub.common.ClientMetadata$MoPubNetworkType mNetworkType
com.mopub.common.event.BaseEvent: java.lang.String mNetworkOperator
com.mopub.common.event.BaseEvent: java.lang.String mNetworkOperatorName
com.mopub.common.event.BaseEvent: java.lang.String mIsoCountryCode
com.mopub.common.event.BaseEvent: java.lang.String mSimOperator