proguard/mapping.txt
com.voiche.musicwidget.AdActivity -> com.voiche.musicwidget.AdActivity:
    16:21:void onCreate(android.os.Bundle) -> onCreate
com.voiche.musicwidget.Configure -> com.voiche.musicwidget.Configure:
    int awID -> a
    com.google.android.gms.ads.InterstitialAd interstitial -> h
    int adHeight -> b
    long caCount -> c
    java.util.Timer myTimer -> d
    android.widget.RelativeLayout adrl -> e
    android.widget.Button closead -> f
    boolean showB -> g
    java.lang.Runnable showad -> i
    java.lang.Runnable closeadbutton -> j
    42:357:void onCreate(android.os.Bundle) -> onCreate
    361:363:void onDestroy() -> onDestroy
    367:368:void onBackPressed() -> onBackPressed
    371:387:void Finish() -> b
    390:393:void displayInterstitial() -> a
    397:398:boolean onCreateOptionsMenu(android.view.Menu) -> onCreateOptionsMenu
    403:413:boolean onOptionsItemSelected(android.view.MenuItem) -> onOptionsItemSelected
    418:426:void timer() -> c
    429:441:void TimerMethod() -> d
    456:458:void cc(android.view.View) -> cc
    428:428:void access$0(com.voiche.musicwidget.Configure) -> a
com.voiche.musicwidget.Configure$1 -> com.voiche.musicwidget.Configure$1:
    com.voiche.musicwidget.Configure this$0 -> a
    445:446:void run() -> run
com.voiche.musicwidget.Configure$10 -> com.voiche.musicwidget.Configure$2:
    com.voiche.musicwidget.Configure this$0 -> a
    203:208:boolean onPreferenceChange(android.preference.Preference,java.lang.Object) -> onPreferenceChange
com.voiche.musicwidget.Configure$11 -> com.voiche.musicwidget.Configure$3:
    com.voiche.musicwidget.Configure this$0 -> a
    218:223:boolean onPreferenceChange(android.preference.Preference,java.lang.Object) -> onPreferenceChange
com.voiche.musicwidget.Configure$12 -> com.voiche.musicwidget.Configure$4:
    com.voiche.musicwidget.Configure this$0 -> a
    233:238:boolean onPreferenceChange(android.preference.Preference,java.lang.Object) -> onPreferenceChange
com.voiche.musicwidget.Configure$13 -> com.voiche.musicwidget.Configure$5:
    com.voiche.musicwidget.Configure this$0 -> a
    248:253:boolean onPreferenceChange(android.preference.Preference,java.lang.Object) -> onPreferenceChange
com.voiche.musicwidget.Configure$14 -> com.voiche.musicwidget.Configure$6:
    com.voiche.musicwidget.Configure this$0 -> a
    263:268:boolean onPreferenceChange(android.preference.Preference,java.lang.Object) -> onPreferenceChange
com.voiche.musicwidget.Configure$15 -> com.voiche.musicwidget.Configure$7:
    com.voiche.musicwidget.Configure this$0 -> a
    278:283:boolean onPreferenceChange(android.preference.Preference,java.lang.Object) -> onPreferenceChange
com.voiche.musicwidget.Configure$16 -> com.voiche.musicwidget.Configure$8:
    com.voiche.musicwidget.Configure this$0 -> a
    294:299:boolean onPreferenceChange(android.preference.Preference,java.lang.Object) -> onPreferenceChange
com.voiche.musicwidget.Configure$17 -> com.voiche.musicwidget.Configure$9:
    com.voiche.musicwidget.Configure this$0 -> a
    android.preference.ListPreference val$fontselect -> b
    311:318:boolean onPreferenceChange(android.preference.Preference,java.lang.Object) -> onPreferenceChange
com.voiche.musicwidget.Configure$18 -> com.voiche.musicwidget.Configure$10:
    com.voiche.musicwidget.Configure this$0 -> a
    329:334:boolean onPreferenceChange(android.preference.Preference,java.lang.Object) -> onPreferenceChange
com.voiche.musicwidget.Configure$19 -> com.voiche.musicwidget.Configure$11:
    com.voiche.musicwidget.Configure this$0 -> a
    android.preference.ListPreference val$tnfontselect -> b
    346:353:boolean onPreferenceChange(android.preference.Preference,java.lang.Object) -> onPreferenceChange
com.voiche.musicwidget.Configure$2 -> com.voiche.musicwidget.Configure$12:
    com.voiche.musicwidget.Configure this$0 -> a
    451:452:void run() -> run
...
com.mopub.mraid.MraidController$5 -> com.mopub.mraid.MraidController$5:
    com.mopub.mraid.MraidController this$0 -> this$0
    void run() -> run
com.mopub.mraid.MraidController$6 -> com.mopub.mraid.MraidController$6:
    com.mopub.mraid.MraidController this$0 -> this$0
    void run() -> run
com.mopub.mraid.MraidController$7 -> com.mopub.mraid.MraidController$7:
    android.view.View val$currentWebView -> val$currentWebView
    java.lang.Runnable val$successRunnable -> val$successRunnable
    com.mopub.mraid.MraidController this$0 -> this$0
    void run() -> run
com.mopub.mraid.MraidController$MraidListener -> com.mopub.mraid.MraidController$MraidListener:
    void onLoaded(android.view.View) -> onLoaded
    void onFailedToLoad() -> onFailedToLoad
    void onExpand() -> onExpand
    void onOpen() -> onOpen
    void onClose() -> onClose
com.mopub.mraid.MraidController$OrientationBroadcastReceiver -> com.mopub.mraid.MraidController$OrientationBroadcastReceiver:
    android.content.Context mContext -> mContext
    int mLastRotation -> mLastRotation
    com.mopub.mraid.MraidController this$0 -> this$0
    void onReceive(android.content.Context,android.content.Intent) -> onReceive
    void register(android.content.Context) -> register
    void unregister() -> unregister
com.mopub.mraid.MraidController$ScreenMetricsWaiter -> com.mopub.mraid.MraidController$ScreenMetricsWaiter:
    android.os.Handler mHandler -> mHandler
    com.mopub.mraid.MraidController$ScreenMetricsWaiter$WaitRequest mLastWaitRequest -> mLastWaitRequest
    com.mopub.mraid.MraidController$ScreenMetricsWaiter$WaitRequest waitFor(android.view.View[]) -> waitFor
    void cancelLastRequest() -> cancelLastRequest
com.mopub.mraid.MraidController$ScreenMetricsWaiter$WaitRequest -> com.mopub.mraid.MraidController$ScreenMetricsWaiter$WaitRequest:
    android.view.View[] mViews -> mViews
    android.os.Handler mHandler -> mHandler
    java.lang.Runnable mSuccessRunnable -> mSuccessRunnable
    int mWaitCount -> mWaitCount
    java.lang.Runnable mWaitingRunnable -> mWaitingRunnable
    void countDown() -> countDown
    void start(java.lang.Runnable) -> start
    void cancel() -> cancel
    android.view.View[] access$300(com.mopub.mraid.MraidController$ScreenMetricsWaiter$WaitRequest) -> access$300
    void access$400(com.mopub.mraid.MraidController$ScreenMetricsWaiter$WaitRequest) -> access$400
com.mopub.mraid.MraidController$ScreenMetricsWaiter$WaitRequest$1 -> com.mopub.mraid.MraidController$ScreenMetricsWaiter$WaitRequest$1:
    com.mopub.mraid.MraidController$ScreenMetricsWaiter$WaitRequest this$0 -> this$0
    void run() -> run
com.mopub.mraid.MraidController$ScreenMetricsWaiter$WaitRequest$1$1 -> com.mopub.mraid.MraidController$ScreenMetricsWaiter$WaitRequest$1$1:
    android.view.View val$view -> val$view
    com.mopub.mraid.MraidController$ScreenMetricsWaiter$WaitRequest$1 this$1 -> this$1
    boolean onPreDraw() -> onPreDraw
com.mopub.mraid.MraidController$UseCustomCloseListener -> com.mopub.mraid.MraidController$UseCustomCloseListener:
    void useCustomCloseChanged(boolean) -> useCustomCloseChanged
com.mopub.mraid.MraidInterstitial -> com.mopub.mraid.MraidInterstitial:
    java.lang.String mHtmlData -> mHtmlData
    void extractExtras(java.util.Map) -> extractExtras
    void preRenderHtml(com.mopub.mobileads.CustomEventInterstitial$CustomEventInterstitialListener) -> preRenderHtml
    void showInterstitial() -> showInterstitial