proguard/usage.txt
com.voiche.musicwidget.BuildConfig
com.voiche.musicwidget.Configure_4x2:
    private com.google.android.gms.ads.InterstitialAd interstitial
    343:346:public void displayInterstitial()
com.voiche.musicwidget.Configure_4x3:
    private com.google.android.gms.ads.InterstitialAd interstitial
    389:392:public void displayInterstitial()
com.voiche.musicwidget.Configure_4x4:
    private com.google.android.gms.ads.InterstitialAd interstitial
    329:332:public void displayInterstitial()
com.voiche.musicwidget.Configure_simple:
    private com.google.android.gms.ads.InterstitialAd interstitial
    244:247:public void displayInterstitial()
com.voiche.musicwidget.R
com.voiche.musicwidget.R$array
com.voiche.musicwidget.R$attr
com.voiche.musicwidget.R$color
com.voiche.musicwidget.R$dimen
com.voiche.musicwidget.R$drawable
com.voiche.musicwidget.R$id
com.voiche.musicwidget.R$integer
com.voiche.musicwidget.R$layout
com.voiche.musicwidget.R$menu
com.voiche.musicwidget.R$raw
com.voiche.musicwidget.R$string
com.voiche.musicwidget.R$style
com.voiche.musicwidget.R$styleable
com.voiche.musicwidget.R$xml
com.voiche.musicwidget.WalkmanWidget:
    344:349:public void reset()
com.voiche.musicwidget.WalkmanWidget_4x2:
    300:304:public void reset()
com.voiche.musicwidget.WalkmanWidget_4x3:
    359:364:public void reset()
com.voiche.musicwidget.WalkmanWidget_4x4:
    287:291:public void reset()
com.voiche.musicwidget.WalkmanWidget_simple:
    java.lang.String les
    231:235:public void reset()
com.voiche.musicwidget.WidgetService:
    boolean mFirstToBePrepared
    819:831:public static void PlayPause()
...
com.google.android.gms.games.multiplayer.turnbased.TurnBasedMatchRef:
    TurnBasedMatchRef(com.google.android.gms.common.data.DataHolder,int,int)
    public void getDescription(android.database.CharArrayBuffer)
    public com.google.android.gms.games.multiplayer.Participant getDescriptionParticipant()
    public boolean canRematch()
    public int getParticipantStatus(java.lang.String)
    public java.util.ArrayList getParticipantIds()
    public java.lang.String getParticipantId(java.lang.String)
    public com.google.android.gms.games.multiplayer.Participant getParticipant(java.lang.String)
com.google.android.gms.games.multiplayer.turnbased.TurnBasedMultiplayer
com.google.android.gms.games.multiplayer.turnbased.TurnBasedMultiplayer$CancelMatchResult
com.google.android.gms.games.multiplayer.turnbased.TurnBasedMultiplayer$InitiateMatchResult
com.google.android.gms.games.multiplayer.turnbased.TurnBasedMultiplayer$LeaveMatchResult
com.google.android.gms.games.multiplayer.turnbased.TurnBasedMultiplayer$LoadMatchResult
com.google.android.gms.games.multiplayer.turnbased.TurnBasedMultiplayer$LoadMatchesResult
com.google.android.gms.games.multiplayer.turnbased.TurnBasedMultiplayer$UpdateMatchResult
com.google.android.gms.games.quest.Milestone:
    public static final int STATE_NOT_STARTED
    public static final int STATE_NOT_COMPLETED
    public static final int STATE_COMPLETED_NOT_CLAIMED
    public static final int STATE_CLAIMED
com.google.android.gms.games.quest.MilestoneBuffer
com.google.android.gms.games.quest.MilestoneEntity:
    public boolean isDataValid()
com.google.android.gms.games.quest.MilestoneEntityCreator:
    public static final int CONTENT_DESCRIPTION
com.google.android.gms.games.quest.Quest:
    public static final int STATE_UPCOMING
    public static final int STATE_OPEN
    public static final int STATE_ACCEPTED
    public static final int STATE_COMPLETED
    public static final int STATE_EXPIRED
    public static final int STATE_FAILED
    public static final long UNSET_QUEST_TIMESTAMP
    public abstract void getName(android.database.CharArrayBuffer)
    public abstract void getDescription(android.database.CharArrayBuffer)
    public abstract com.google.android.gms.games.quest.Milestone getCurrentMilestone()
    public abstract boolean isEndingSoon()
com.google.android.gms.games.quest.QuestBuffer
com.google.android.gms.games.quest.QuestEntity:
    public void getName(android.database.CharArrayBuffer)
    public void getDescription(android.database.CharArrayBuffer)
    public com.google.android.gms.games.quest.Milestone getCurrentMilestone()
    public boolean isEndingSoon()
    public boolean isDataValid()
com.google.android.gms.games.quest.QuestEntityCreator:
    public static final int CONTENT_DESCRIPTION
com.google.android.gms.games.quest.QuestRef:
    QuestRef(com.google.android.gms.common.data.DataHolder,int,int)
    public void getName(android.database.CharArrayBuffer)
    public void getDescription(android.database.CharArrayBuffer)
    public com.google.android.gms.games.quest.Milestone getCurrentMilestone()
    public boolean isEndingSoon()
com.google.android.gms.games.quest.QuestUpdateListener
com.google.android.gms.games.quest.Quests
com.google.android.gms.games.quest.Quests$AcceptQuestResult
com.google.android.gms.games.quest.Quests$ClaimMilestoneResult
com.google.android.gms.games.quest.Quests$LoadQuestsResult
com.google.android.gms.games.request.GameRequest:
    public static final int TYPE_GIFT
    public static final int TYPE_WISH
    public static final int TYPE_ALL
    public static final int STATUS_PENDING
    public static final int STATUS_ACCEPTED
    public static final int RECIPIENT_STATUS_PENDING
    public static final int RECIPIENT_STATUS_ACCEPTED
    public abstract boolean isConsumed(java.lang.String)
com.google.android.gms.games.request.GameRequestBuffer